<?xml version="1.0" encoding="UTF-8"?>
<Site BuildName="(empty)"
	BuildStamp="20240713-0711-Experimental"
	Name="flake"
	Generator="ctest-3.16.3"
	CompilerName="/usr/bin/c++"
	CompilerVersion="9.4.0"
	OSName="Linux"
	Hostname="flake"
	OSRelease="5.15.0-113-generic"
	OSVersion="#123~20.04.1-Ubuntu SMP Wed Jun 12 17:33:13 UTC 2024"
	OSPlatform="x86_64"
	Is64Bits="1"
	VendorString="GenuineIntel"
	VendorID="Intel Corporation"
	FamilyID="6"
	ModelID="154"
	ProcessorCacheSize="12288"
	NumberOfLogicalCPU="12"
	NumberOfPhysicalCPU="8"
	TotalVirtualMemory="2047"
	TotalPhysicalMemory="15693"
	LogicalProcessorsPerPhysical="1"
	ProcessorClockFrequency="2500"
	>
	<Testing>
		<StartDateTime>Jul 13 14:11 +07</StartDateTime>
		<StartTestTime>1720854687</StartTestTime>
		<TestList/>
		<EndDateTime>Jul 13 14:11 +07</EndDateTime>
		<EndTestTime>1720854687</EndTestTime>
		<ElapsedMinutes>0</ElapsedMinutes>
	</Testing>
</Site>
